This is pdfTeX, Version 3.141592653-2.6-1.40.22 (TeX Live 2022/dev/Debian) (preloaded format=pdflatex 2024.11.5)  29 NOV 2024 18:48
entering extended mode
 restricted \write18 enabled.
 file:line:error style messages enabled.
 %&-line parsing enabled.
**"/home/mnl/Desktop/University/Fall 2024-2025/EECE 435L /ecommerce_Lakkis/Ecommerce-BackEnd/tex/ML.tex"
(/home/mnl/Desktop/University/Fall 2024-2025/EECE 435L /ecommerce_Lakkis/Ecommerce-BackEnd/tex/ML.tex
LaTeX2e <2021-11-15> patch level 1
L3 programming layer <2022-01-21> (/usr/share/texlive/texmf-dist/tex/latex/base/article.cls
Document Class: article 2021/10/04 v1.4n Standard LaTeX document class
(/usr/share/texlive/texmf-dist/tex/latex/base/size10.clo
File: size10.clo 2021/10/04 v1.4n Standard LaTeX file (size option)
)
\c@part=\count185
\c@section=\count186
\c@subsection=\count187
\c@subsubsection=\count188
\c@paragraph=\count189
\c@subparagraph=\count190
\c@figure=\count191
\c@table=\count192
\abovecaptionskip=\skip47
\belowcaptionskip=\skip48
\bibindent=\dimen138
) (/usr/share/texlive/texmf-dist/tex/latex/base/inputenc.sty
Package: inputenc 2021/02/14 v1.3d Input encoding file
\inpenc@prehook=\toks16
\inpenc@posthook=\toks17
) (/usr/share/texlive/texmf-dist/tex/latex/amsmath/amsmath.sty
Package: amsmath 2021/10/15 v2.17l AMS math features
\@mathmargin=\skip49

For additional information on amsmath, use the `?' option.
(/usr/share/texlive/texmf-dist/tex/latex/amsmath/amstext.sty
Package: amstext 2021/08/26 v2.01 AMS text
 (/usr/share/texlive/texmf-dist/tex/latex/amsmath/amsgen.sty
File: amsgen.sty 1999/11/30 v2.0 generic functions
\@emptytoks=\toks18
\ex@=\dimen139
)) (/usr/share/texlive/texmf-dist/tex/latex/amsmath/amsbsy.sty
Package: amsbsy 1999/11/29 v1.2d Bold Symbols
\pmbraise@=\dimen140
) (/usr/share/texlive/texmf-dist/tex/latex/amsmath/amsopn.sty
Package: amsopn 2021/08/26 v2.02 operator names
)
\inf@bad=\count193
LaTeX Info: Redefining \frac on input line 234.
\uproot@=\count194
\leftroot@=\count195
LaTeX Info: Redefining \overline on input line 399.
\classnum@=\count196
\DOTSCASE@=\count197
LaTeX Info: Redefining \ldots on input line 496.
LaTeX Info: Redefining \dots on input line 499.
LaTeX Info: Redefining \cdots on input line 620.
\Mathstrutbox@=\box50
\strutbox@=\box51
\big@size=\dimen141
LaTeX Font Info:    Redeclaring font encoding OML on input line 743.
LaTeX Font Info:    Redeclaring font encoding OMS on input line 744.
\macc@depth=\count198
\c@MaxMatrixCols=\count199
\dotsspace@=\muskip16
\c@parentequation=\count266
\dspbrk@lvl=\count267
\tag@help=\toks19
\row@=\count268
\column@=\count269
\maxfields@=\count270
\andhelp@=\toks20
\eqnshift@=\dimen142
\alignsep@=\dimen143
\tagshift@=\dimen144
\tagwidth@=\dimen145
\totwidth@=\dimen146
\lineht@=\dimen147
\@envbody=\toks21
\multlinegap=\skip50
\multlinetaggap=\skip51
\mathdisplay@stack=\toks22
LaTeX Info: Redefining \[ on input line 2938.
LaTeX Info: Redefining \] on input line 2939.
) (/usr/share/texlive/texmf-dist/tex/latex/graphics/graphicx.sty
Package: graphicx 2021/09/16 v1.2d Enhanced LaTeX Graphics (DPC,SPQR)
 (/usr/share/texlive/texmf-dist/tex/latex/graphics/keyval.sty
Package: keyval 2014/10/28 v1.15 key=value parser (DPC)
\KV@toks@=\toks23
) (/usr/share/texlive/texmf-dist/tex/latex/graphics/graphics.sty
Package: graphics 2021/03/04 v1.4d Standard LaTeX Graphics (DPC,SPQR)
 (/usr/share/texlive/texmf-dist/tex/latex/graphics/trig.sty
Package: trig 2021/08/11 v1.11 sin cos tan (DPC)
) (/usr/share/texlive/texmf-dist/tex/latex/graphics-cfg/graphics.cfg
File: graphics.cfg 2016/06/04 v1.11 sample graphics configuration
)
Package graphics Info: Driver file: pdftex.def on input line 107.
 (/usr/share/texlive/texmf-dist/tex/latex/graphics-def/pdftex.def
File: pdftex.def 2020/10/05 v1.2a Graphics/color driver for pdftex
))
\Gin@req@height=\dimen148
\Gin@req@width=\dimen149
) (/usr/share/texlive/texmf-dist/tex/latex/float/float.sty
Package: float 2001/11/08 v1.3d Float enhancements (AL)
\c@float@type=\count271
\float@exts=\toks24
\float@box=\box52
\@float@everytoks=\toks25
\@floatcapt=\box53
) (/usr/share/texlive/texmf-dist/tex/latex/l3backend/l3backend-pdftex.def
File: l3backend-pdftex.def 2022-01-12 L3 backend support: PDF output (pdfTeX)
\l__color_backend_stack_int=\count272
\l__pdf_internal_box=\box54
) (./ML.aux)
\openout1 = `ML.aux'.

LaTeX Font Info:    Checking defaults for OML/cmm/m/it on input line 15.
LaTeX Font Info:    ... okay on input line 15.
LaTeX Font Info:    Checking defaults for OMS/cmsy/m/n on input line 15.
LaTeX Font Info:    ... okay on input line 15.
LaTeX Font Info:    Checking defaults for OT1/cmr/m/n on input line 15.
LaTeX Font Info:    ... okay on input line 15.
LaTeX Font Info:    Checking defaults for T1/cmr/m/n on input line 15.
LaTeX Font Info:    ... okay on input line 15.
LaTeX Font Info:    Checking defaults for TS1/cmr/m/n on input line 15.
LaTeX Font Info:    ... okay on input line 15.
LaTeX Font Info:    Checking defaults for OMX/cmex/m/n on input line 15.
LaTeX Font Info:    ... okay on input line 15.
LaTeX Font Info:    Checking defaults for U/cmr/m/n on input line 15.
LaTeX Font Info:    ... okay on input line 15.
 (/usr/share/texlive/texmf-dist/tex/context/base/mkii/supp-pdf.mkii
[Loading MPS to PDF converter (version 2006.09.02).]
\scratchcounter=\count273
\scratchdimen=\dimen150
\scratchbox=\box55
\nofMPsegments=\count274
\nofMParguments=\count275
\everyMPshowfont=\toks26
\MPscratchCnt=\count276
\MPscratchDim=\dimen151
\MPnumerator=\count277
\makeMPintoPDFobject=\count278
\everyMPtoPDFconversion=\toks27
) (/usr/share/texlive/texmf-dist/tex/latex/epstopdf-pkg/epstopdf-base.sty
Package: epstopdf-base 2020-01-24 v2.11 Base part for package epstopdf
Package epstopdf-base Info: Redefining graphics rule for `.eps' on input line 485.
 (/usr/share/texlive/texmf-dist/tex/latex/latexconfig/epstopdf-sys.cfg
File: epstopdf-sys.cfg 2010/07/13 v1.3 Configuration of (r)epstopdf for TeX Live
))
<images/1.png, id=1, 1918.16624pt x 578.16pt>
File: images/1.png Graphic file (type png)
<use images/1.png>
Package pdftex.def Info: images/1.png  used on input line 26.
(pdftex.def)             Requested size: 310.4979pt x 93.58377pt.
<images/2.png, id=3, 1918.16624pt x 610.28pt>
File: images/2.png Graphic file (type png)
<use images/2.png>
Package pdftex.def Info: images/2.png  used on input line 31.
(pdftex.def)             Requested size: 310.4979pt x 98.78287pt.
 [1

{/var/lib/texmf/fonts/map/pdftex/updmap/pdftex.map} <./images/1.png> <./images/2.png>]
<images/3.png, id=17, 1792.6975pt x 787.94376pt>
File: images/3.png Graphic file (type png)
<use images/3.png>
Package pdftex.def Info: images/3.png  used on input line 47.
(pdftex.def)             Requested size: 310.4979pt x 136.46147pt.

Overfull \hbox (17.56583pt too wide) in paragraph at lines 44--49
\OT1/cmr/m/it/10 ments for the fields(i.e. point 5 of the re-quire-ments check this file:) $[]$ 
 []

<images/4.png, id=18, 1792.6975pt x 787.94376pt>
File: images/4.png Graphic file (type png)
<use images/4.png>
Package pdftex.def Info: images/4.png  used on input line 52.
(pdftex.def)             Requested size: 310.4979pt x 136.46147pt.
<images/5.png, id=19, 1792.6975pt x 787.94376pt>
File: images/5.png Graphic file (type png)
<use images/5.png>
Package pdftex.def Info: images/5.png  used on input line 57.
(pdftex.def)             Requested size: 310.4979pt x 136.46147pt.
[2 <./images/3.png>]
<images/6.png, id=27, 1792.6975pt x 787.94376pt>
File: images/6.png Graphic file (type png)
<use images/6.png>
Package pdftex.def Info: images/6.png  used on input line 62.
(pdftex.def)             Requested size: 310.4979pt x 136.46147pt.
<images/7.png, id=28, 1792.6975pt x 787.94376pt>
File: images/7.png Graphic file (type png)
<use images/7.png>
Package pdftex.def Info: images/7.png  used on input line 67.
(pdftex.def)             Requested size: 310.4979pt x 136.46147pt.
<images/8.png, id=29, 1792.6975pt x 787.94376pt>
File: images/8.png Graphic file (type png)
<use images/8.png>
Package pdftex.def Info: images/8.png  used on input line 72.
(pdftex.def)             Requested size: 310.4979pt x 136.46147pt.
 [3 <./images/4.png> <./images/5.png> <./images/6.png>]
<images/9.png, id=36, 1792.6975pt x 787.94376pt>
File: images/9.png Graphic file (type png)
<use images/9.png>
Package pdftex.def Info: images/9.png  used on input line 77.
(pdftex.def)             Requested size: 310.4979pt x 136.46147pt.
 [4 <./images/7.png> <./images/8.png> <./images/9.png>] (./ML.aux) ) 
Here is how much of TeX's memory you used:
 2155 strings out of 480171
 33343 string characters out of 5894489
 320827 words of memory out of 5000000
 20104 multiletter control sequences out of 15000+600000
 475930 words of font info for 51 fonts, out of 8000000 for 9000
 59 hyphenation exceptions out of 8191
 55i,7n,62p,354b,234s stack positions out of 5000i,500n,10000p,200000b,80000s
 </home/mnl/.texlive2021/texmf-var/fonts/pk/ljfour/jknappen/ec/tcrm1000.600pk></usr/share/texlive/texmf-dist/fonts/type1/public/amsfonts/cm/cmbx10.pfb></usr/share/texlive/texmf-dist/fonts/type1/public/amsfonts/cm/cmbx12.pfb></usr/share/texlive/texmf-dist/fonts/type1/public/amsfonts/cm/cmbx9.pfb></usr/share/texlive/texmf-dist/fonts/type1/public/amsfonts/cm/cmr10.pfb></usr/share/texlive/texmf-dist/fonts/type1/public/amsfonts/cm/cmr12.pfb></usr/share/texlive/texmf-dist/fonts/type1/public/amsfonts/cm/cmr17.pfb></usr/share/texlive/texmf-dist/fonts/type1/public/amsfonts/cm/cmr9.pfb></usr/share/texlive/texmf-dist/fonts/type1/public/amsfonts/cm/cmti10.pfb>
Output written on ML.pdf (4 pages, 811076 bytes).
PDF statistics:
 81 PDF objects out of 1000 (max. 8388607)
 39 compressed objects within 1 object stream
 0 named destinations out of 1000 (max. 500000)
 46 words of extra memory for PDF output out of 10000 (max. 10000000)

