This is pdfTeX, Version 3.141592653-2.6-1.40.22 (TeX Live 2022/dev/Debian) (preloaded format=pdflatex 2024.11.5)  1 DEC 2024 17:27
entering extended mode
 restricted \write18 enabled.
 file:line:error style messages enabled.
 %&-line parsing enabled.
**"/home/mnl/Desktop/University/Fall 2024-2025/EECE 435L /ecommerce_Lakkis/Ecommerce-BackEnd/tex_2/ML.tex"
(/home/mnl/Desktop/University/Fall 2024-2025/EECE 435L /ecommerce_Lakkis/Ecommerce-BackEnd/tex_2/ML.tex
LaTeX2e <2021-11-15> patch level 1
L3 programming layer <2022-01-21> (/usr/share/texlive/texmf-dist/tex/latex/base/article.cls
Document Class: article 2021/10/04 v1.4n Standard LaTeX document class
(/usr/share/texlive/texmf-dist/tex/latex/base/size12.clo
File: size12.clo 2021/10/04 v1.4n Standard LaTeX file (size option)
)
\c@part=\count185
\c@section=\count186
\c@subsection=\count187
\c@subsubsection=\count188
\c@paragraph=\count189
\c@subparagraph=\count190
\c@figure=\count191
\c@table=\count192
\abovecaptionskip=\skip47
\belowcaptionskip=\skip48
\bibindent=\dimen138
) (/usr/share/texlive/texmf-dist/tex/latex/geometry/geometry.sty
Package: geometry 2020/01/02 v5.9 Page Geometry
 (/usr/share/texlive/texmf-dist/tex/latex/graphics/keyval.sty
Package: keyval 2014/10/28 v1.15 key=value parser (DPC)
\KV@toks@=\toks16
) (/usr/share/texlive/texmf-dist/tex/generic/iftex/ifvtex.sty
Package: ifvtex 2019/10/25 v1.7 ifvtex legacy package. Use iftex instead.
 (/usr/share/texlive/texmf-dist/tex/generic/iftex/iftex.sty
Package: iftex 2020/03/06 v1.0d TeX engine tests
))
\Gm@cnth=\count193
\Gm@cntv=\count194
\c@Gm@tempcnt=\count195
\Gm@bindingoffset=\dimen139
\Gm@wd@mp=\dimen140
\Gm@odd@mp=\dimen141
\Gm@even@mp=\dimen142
\Gm@layoutwidth=\dimen143
\Gm@layoutheight=\dimen144
\Gm@layouthoffset=\dimen145
\Gm@layoutvoffset=\dimen146
\Gm@dimlist=\toks17
) (/usr/share/texlive/texmf-dist/tex/latex/tools/longtable.sty
Package: longtable 2021-09-01 v4.17 Multi-page Table package (DPC)
\LTleft=\skip49
\LTright=\skip50
\LTpre=\skip51
\LTpost=\skip52
\LTchunksize=\count196
\LTcapwidth=\dimen147
\LT@head=\box50
\LT@firsthead=\box51
\LT@foot=\box52
\LT@lastfoot=\box53
\LT@gbox=\box54
\LT@cols=\count197
\LT@rows=\count198
\c@LT@tables=\count199
\c@LT@chunks=\count266
\LT@p@ftn=\toks18
) (/usr/share/texlive/texmf-dist/tex/latex/hyperref/hyperref.sty
Package: hyperref 2021-06-07 v7.00m Hypertext links for LaTeX
 (/usr/share/texlive/texmf-dist/tex/generic/ltxcmds/ltxcmds.sty
Package: ltxcmds 2020-05-10 v1.25 LaTeX kernel commands for general use (HO)
) (/usr/share/texlive/texmf-dist/tex/generic/pdftexcmds/pdftexcmds.sty
Package: pdftexcmds 2020-06-27 v0.33 Utility functions of pdfTeX for LuaTeX (HO)
 (/usr/share/texlive/texmf-dist/tex/generic/infwarerr/infwarerr.sty
Package: infwarerr 2019/12/03 v1.5 Providing info/warning/error messages (HO)
)
Package pdftexcmds Info: \pdf@primitive is available.
Package pdftexcmds Info: \pdf@ifprimitive is available.
Package pdftexcmds Info: \pdfdraftmode found.
) (/usr/share/texlive/texmf-dist/tex/generic/kvsetkeys/kvsetkeys.sty
Package: kvsetkeys 2019/12/15 v1.18 Key value parser (HO)
) (/usr/share/texlive/texmf-dist/tex/generic/kvdefinekeys/kvdefinekeys.sty
Package: kvdefinekeys 2019-12-19 v1.6 Define keys (HO)
) (/usr/share/texlive/texmf-dist/tex/generic/pdfescape/pdfescape.sty
Package: pdfescape 2019/12/09 v1.15 Implements pdfTeX's escape features (HO)
) (/usr/share/texlive/texmf-dist/tex/latex/hycolor/hycolor.sty
Package: hycolor 2020-01-27 v1.10 Color options for hyperref/bookmark (HO)
) (/usr/share/texlive/texmf-dist/tex/latex/letltxmacro/letltxmacro.sty
Package: letltxmacro 2019/12/03 v1.6 Let assignment for LaTeX macros (HO)
) (/usr/share/texlive/texmf-dist/tex/latex/auxhook/auxhook.sty
Package: auxhook 2019-12-17 v1.6 Hooks for auxiliary files (HO)
) (/usr/share/texlive/texmf-dist/tex/latex/kvoptions/kvoptions.sty
Package: kvoptions 2020-10-07 v3.14 Key value format for package options (HO)
)
\@linkdim=\dimen148
\Hy@linkcounter=\count267
\Hy@pagecounter=\count268
 (/usr/share/texlive/texmf-dist/tex/latex/hyperref/pd1enc.def
File: pd1enc.def 2021-06-07 v7.00m Hyperref: PDFDocEncoding definition (HO)
Now handling font encoding PD1 ...
... no UTF-8 mapping file for font encoding PD1
) (/usr/share/texlive/texmf-dist/tex/latex/hyperref/hyperref-langpatches.def
File: hyperref-langpatches.def 2021-06-07 v7.00m Hyperref: patches for babel languages
) (/usr/share/texlive/texmf-dist/tex/generic/intcalc/intcalc.sty
Package: intcalc 2019/12/15 v1.3 Expandable calculations with integers (HO)
) (/usr/share/texlive/texmf-dist/tex/generic/etexcmds/etexcmds.sty
Package: etexcmds 2019/12/15 v1.7 Avoid name clashes with e-TeX commands (HO)
)
\Hy@SavedSpaceFactor=\count269
 (/usr/share/texlive/texmf-dist/tex/latex/hyperref/puenc.def
File: puenc.def 2021-06-07 v7.00m Hyperref: PDF Unicode definition (HO)
Now handling font encoding PU ...
... no UTF-8 mapping file for font encoding PU
)
Package hyperref Info: Hyper figures OFF on input line 4192.
Package hyperref Info: Link nesting OFF on input line 4197.
Package hyperref Info: Hyper index ON on input line 4200.
Package hyperref Info: Plain pages OFF on input line 4207.
Package hyperref Info: Backreferencing OFF on input line 4212.
Package hyperref Info: Implicit mode ON; LaTeX internals redefined.
Package hyperref Info: Bookmarks ON on input line 4445.
\c@Hy@tempcnt=\count270
 (/usr/share/texlive/texmf-dist/tex/latex/url/url.sty
\Urlmuskip=\muskip16
Package: url 2013/09/16  ver 3.4  Verb mode for urls, etc.
)
LaTeX Info: Redefining \url on input line 4804.
\XeTeXLinkMargin=\dimen149
 (/usr/share/texlive/texmf-dist/tex/generic/bitset/bitset.sty
Package: bitset 2019/12/09 v1.3 Handle bit-vector datatype (HO)
 (/usr/share/texlive/texmf-dist/tex/generic/bigintcalc/bigintcalc.sty
Package: bigintcalc 2019/12/15 v1.5 Expandable calculations on big integers (HO)
))
\Fld@menulength=\count271
\Field@Width=\dimen150
\Fld@charsize=\dimen151
Package hyperref Info: Hyper figures OFF on input line 6076.
Package hyperref Info: Link nesting OFF on input line 6081.
Package hyperref Info: Hyper index ON on input line 6084.
Package hyperref Info: backreferencing OFF on input line 6091.
Package hyperref Info: Link coloring OFF on input line 6096.
Package hyperref Info: Link coloring with OCG OFF on input line 6101.
Package hyperref Info: PDF/A mode OFF on input line 6106.
LaTeX Info: Redefining \ref on input line 6146.
LaTeX Info: Redefining \pageref on input line 6150.
 (/usr/share/texlive/texmf-dist/tex/latex/base/atbegshi-ltx.sty
Package: atbegshi-ltx 2021/01/10 v1.0c Emulation of the original atbegshi
package with kernel methods
)
\Hy@abspage=\count272
\c@Item=\count273
\c@Hfootnote=\count274
)
Package hyperref Info: Driver (autodetected): hpdftex.
 (/usr/share/texlive/texmf-dist/tex/latex/hyperref/hpdftex.def
File: hpdftex.def 2021-06-07 v7.00m Hyperref driver for pdfTeX
 (/usr/share/texlive/texmf-dist/tex/latex/base/atveryend-ltx.sty
Package: atveryend-ltx 2020/08/19 v1.0a Emulation of the original atveryend package
with kernel methods
)
\Fld@listcount=\count275
\c@bookmark@seq@number=\count276
 (/usr/share/texlive/texmf-dist/tex/latex/rerunfilecheck/rerunfilecheck.sty
Package: rerunfilecheck 2019/12/05 v1.9 Rerun checks for auxiliary files (HO)
 (/usr/share/texlive/texmf-dist/tex/generic/uniquecounter/uniquecounter.sty
Package: uniquecounter 2019/12/15 v1.4 Provide unlimited unique counter (HO)
)
Package uniquecounter Info: New unique counter `rerunfilecheck' on input line 286.
)
\Hy@SectionHShift=\skip53
) (/usr/share/texlive/texmf-dist/tex/latex/graphics/graphicx.sty
Package: graphicx 2021/09/16 v1.2d Enhanced LaTeX Graphics (DPC,SPQR)
 (/usr/share/texlive/texmf-dist/tex/latex/graphics/graphics.sty
Package: graphics 2021/03/04 v1.4d Standard LaTeX Graphics (DPC,SPQR)
 (/usr/share/texlive/texmf-dist/tex/latex/graphics/trig.sty
Package: trig 2021/08/11 v1.11 sin cos tan (DPC)
) (/usr/share/texlive/texmf-dist/tex/latex/graphics-cfg/graphics.cfg
File: graphics.cfg 2016/06/04 v1.11 sample graphics configuration
)
Package graphics Info: Driver file: pdftex.def on input line 107.
 (/usr/share/texlive/texmf-dist/tex/latex/graphics-def/pdftex.def
File: pdftex.def 2020/10/05 v1.2a Graphics/color driver for pdftex
))
\Gin@req@height=\dimen152
\Gin@req@width=\dimen153
) (/usr/share/texlive/texmf-dist/tex/latex/float/float.sty
Package: float 2001/11/08 v1.3d Float enhancements (AL)
\c@float@type=\count277
\float@exts=\toks19
\float@box=\box55
\@float@everytoks=\toks20
\@floatcapt=\box56
) (/usr/share/texlive/texmf-dist/tex/latex/l3backend/l3backend-pdftex.def
File: l3backend-pdftex.def 2022-01-12 L3 backend support: PDF output (pdfTeX)
\l__color_backend_stack_int=\count278
\l__pdf_internal_box=\box57
) (./ML.aux)
\openout1 = `ML.aux'.

LaTeX Font Info:    Checking defaults for OML/cmm/m/it on input line 13.
LaTeX Font Info:    ... okay on input line 13.
LaTeX Font Info:    Checking defaults for OMS/cmsy/m/n on input line 13.
LaTeX Font Info:    ... okay on input line 13.
LaTeX Font Info:    Checking defaults for OT1/cmr/m/n on input line 13.
LaTeX Font Info:    ... okay on input line 13.
LaTeX Font Info:    Checking defaults for T1/cmr/m/n on input line 13.
LaTeX Font Info:    ... okay on input line 13.
LaTeX Font Info:    Checking defaults for TS1/cmr/m/n on input line 13.
LaTeX Font Info:    ... okay on input line 13.
LaTeX Font Info:    Checking defaults for OMX/cmex/m/n on input line 13.
LaTeX Font Info:    ... okay on input line 13.
LaTeX Font Info:    Checking defaults for U/cmr/m/n on input line 13.
LaTeX Font Info:    ... okay on input line 13.
LaTeX Font Info:    Checking defaults for PD1/pdf/m/n on input line 13.
LaTeX Font Info:    ... okay on input line 13.
LaTeX Font Info:    Checking defaults for PU/pdf/m/n on input line 13.
LaTeX Font Info:    ... okay on input line 13.

*geometry* driver: auto-detecting
*geometry* detected driver: pdftex
*geometry* verbose mode - [ preamble ] result:
* driver: pdftex
* paper: a4paper
* layout: <same size as paper>
* layoutoffset:(h,v)=(0.0pt,0.0pt)
* modes: 
* h-part:(L,W,R)=(72.26999pt, 452.9679pt, 72.26999pt)
* v-part:(T,H,B)=(72.26999pt, 700.50687pt, 72.26999pt)
* \paperwidth=597.50787pt
* \paperheight=845.04684pt
* \textwidth=452.9679pt
* \textheight=700.50687pt
* \oddsidemargin=0.0pt
* \evensidemargin=0.0pt
* \topmargin=-37.0pt
* \headheight=12.0pt
* \headsep=25.0pt
* \topskip=12.0pt
* \footskip=30.0pt
* \marginparwidth=35.0pt
* \marginparsep=10.0pt
* \columnsep=10.0pt
* \skip\footins=10.8pt plus 4.0pt minus 2.0pt
* \hoffset=0.0pt
* \voffset=0.0pt
* \mag=1000
* \@twocolumnfalse
* \@twosidefalse
* \@mparswitchfalse
* \@reversemarginfalse
* (1in=72.27pt=25.4mm, 1cm=28.453pt)

Package hyperref Info: Link coloring OFF on input line 13.
(/usr/share/texlive/texmf-dist/tex/latex/hyperref/nameref.sty
Package: nameref 2021-04-02 v2.47 Cross-referencing by name of section
 (/usr/share/texlive/texmf-dist/tex/latex/refcount/refcount.sty
Package: refcount 2019/12/15 v3.6 Data extraction from label references (HO)
) (/usr/share/texlive/texmf-dist/tex/generic/gettitlestring/gettitlestring.sty
Package: gettitlestring 2019/12/15 v1.6 Cleanup title references (HO)
)
\c@section@level=\count279
)
LaTeX Info: Redefining \ref on input line 13.
LaTeX Info: Redefining \pageref on input line 13.
LaTeX Info: Redefining \nameref on input line 13.
 (./ML.out) (./ML.out)
\@outlinefile=\write3
\openout3 = `ML.out'.

 (/usr/share/texlive/texmf-dist/tex/context/base/mkii/supp-pdf.mkii
[Loading MPS to PDF converter (version 2006.09.02).]
\scratchcounter=\count280
\scratchdimen=\dimen154
\scratchbox=\box58
\nofMPsegments=\count281
\nofMParguments=\count282
\everyMPshowfont=\toks21
\MPscratchCnt=\count283
\MPscratchDim=\dimen155
\MPnumerator=\count284
\makeMPintoPDFobject=\count285
\everyMPtoPDFconversion=\toks22
) (/usr/share/texlive/texmf-dist/tex/latex/epstopdf-pkg/epstopdf-base.sty
Package: epstopdf-base 2020-01-24 v2.11 Base part for package epstopdf
Package epstopdf-base Info: Redefining graphics rule for `.eps' on input line 485.
 (/usr/share/texlive/texmf-dist/tex/latex/latexconfig/epstopdf-sys.cfg
File: epstopdf-sys.cfg 2010/07/13 v1.3 Configuration of (r)epstopdf for TeX Live
))
LaTeX Font Info:    External font `cmex10' loaded for size
(Font)              <14.4> on input line 16.
LaTeX Font Info:    External font `cmex10' loaded for size
(Font)              <7> on input line 16.
 (./ML.toc
LaTeX Font Info:    External font `cmex10' loaded for size
(Font)              <12> on input line 3.
LaTeX Font Info:    External font `cmex10' loaded for size
(Font)              <8> on input line 3.
LaTeX Font Info:    External font `cmex10' loaded for size
(Font)              <6> on input line 3.
 [1

{/var/lib/texmf/fonts/map/pdftex/updmap/pdftex.map}])
\tf@toc=\write4
\openout4 = `ML.toc'.

 [2]
Underfull \hbox (badness 10000) in paragraph at lines 45--45
[]|\OT1/cmr/m/n/12 Get Cus-tomer by
 []


Overfull \hbox (0.7867pt too wide) in paragraph at lines 63--63
[]|\OT1/cmr/m/n/12 VARCHAR(100)| 
 []


Overfull \hbox (0.7867pt too wide) in paragraph at lines 67--67
[]|\OT1/cmr/m/n/12 VARCHAR(100)| 
 []


Overfull \hbox (0.7867pt too wide) in paragraph at lines 71--71
[]|\OT1/cmr/m/n/12 VARCHAR(200)| 
 []

[3]
<images/1.png, id=266, 1834.855pt x 952.55875pt>
File: images/1.png Graphic file (type png)
<use images/1.png>
Package pdftex.def Info: images/1.png  used on input line 86.
(pdftex.def)             Requested size: 271.7835pt x 141.08986pt.
<images/2.png, id=268, 1834.855pt x 952.55875pt>
File: images/2.png Graphic file (type png)
<use images/2.png>
Package pdftex.def Info: images/2.png  used on input line 91.
(pdftex.def)             Requested size: 271.7835pt x 141.08986pt.
<images/3.png, id=269, 1834.855pt x 952.55875pt>
File: images/3.png Graphic file (type png)
<use images/3.png>
Package pdftex.def Info: images/3.png  used on input line 96.
(pdftex.def)             Requested size: 271.7835pt x 141.08986pt.
<images/4.png, id=270, 1834.855pt x 952.55875pt>
File: images/4.png Graphic file (type png)
<use images/4.png>
Package pdftex.def Info: images/4.png  used on input line 101.
(pdftex.def)             Requested size: 271.7835pt x 141.08986pt.
 [4pdfTeX warning (ext4): destination with the same identifier (name{figure.1}) has been already used, duplicate ignored
<argument> ...shipout:D \box_use:N \l_shipout_box 
                                                  \__shipout_drop_firstpage_...
l.103 \end{figure}
                  pdfTeX warning (ext4): destination with the same identifier (name{figure.2}) has been already used, duplicate ignored
<argument> ...shipout:D \box_use:N \l_shipout_box 
                                                  \__shipout_drop_firstpage_...
l.103 \end{figure}
                   <./images/1.png> <./images/2.png>]
<images/5.png, id=281, 1834.855pt x 952.55875pt>
File: images/5.png Graphic file (type png)
<use images/5.png>
Package pdftex.def Info: images/5.png  used on input line 106.
(pdftex.def)             Requested size: 271.7835pt x 141.08986pt.
<images/6.png, id=282, 1834.855pt x 952.55875pt>
File: images/6.png Graphic file (type png)
<use images/6.png>
Package pdftex.def Info: images/6.png  used on input line 111.
(pdftex.def)             Requested size: 271.7835pt x 141.08986pt.
<images/7.png, id=283, 1834.855pt x 952.55875pt>
File: images/7.png Graphic file (type png)
<use images/7.png>
Package pdftex.def Info: images/7.png  used on input line 116.
(pdftex.def)             Requested size: 271.7835pt x 141.08986pt.
 [5pdfTeX warning (ext4): destination with the same identifier (name{figure.3}) has been already used, duplicate ignored
<argument> ...shipout:D \box_use:N \l_shipout_box 
                                                  \__shipout_drop_firstpage_...
l.118 \end{figure}
                  pdfTeX warning (ext4): destination with the same identifier (name{figure.4}) has been already used, duplicate ignored
<argument> ...shipout:D \box_use:N \l_shipout_box 
                                                  \__shipout_drop_firstpage_...
l.118 \end{figure}
                  pdfTeX warning (ext4): destination with the same identifier (name{figure.5}) has been already used, duplicate ignored
<argument> ...shipout:D \box_use:N \l_shipout_box 
                                                  \__shipout_drop_firstpage_...
l.118 \end{figure}
                   <./images/3.png> <./images/4.png> <./images/5.png>]
Overfull \hbox (0.7867pt too wide) in paragraph at lines 146--146
[]|\OT1/cmr/m/n/12 VARCHAR(100)| 
 []

[6pdfTeX warning (ext4): destination with the same identifier (name{figure.6}) has been already used, duplicate ignored
<argument> ...shipout:D \box_use:N \l_shipout_box 
                                                  \__shipout_drop_firstpage_...
l.156 \end{longtable}
                     pdfTeX warning (ext4): destination with the same identifier (name{figure.7}) has been already used, duplicate ignored
<argument> ...shipout:D \box_use:N \l_shipout_box 
                                                  \__shipout_drop_firstpage_...
l.156 \end{longtable}
                      <./images/6.png> <./images/7.png>]
<images/8.png, id=304, 1834.855pt x 952.55875pt>
File: images/8.png Graphic file (type png)
<use images/8.png>
Package pdftex.def Info: images/8.png  used on input line 160.
(pdftex.def)             Requested size: 271.7835pt x 141.08986pt.
<images/9.png, id=305, 1834.855pt x 952.55875pt>
File: images/9.png Graphic file (type png)
<use images/9.png>
Package pdftex.def Info: images/9.png  used on input line 165.
(pdftex.def)             Requested size: 271.7835pt x 141.08986pt.
<images/10.png, id=306, 1834.855pt x 952.55875pt>
File: images/10.png Graphic file (type png)
<use images/10.png>
Package pdftex.def Info: images/10.png  used on input line 170.
(pdftex.def)             Requested size: 271.7835pt x 141.08986pt.
 [7pdfTeX warning (ext4): destination with the same identifier (name{figure.8}) has been already used, duplicate ignored
<argument> ...shipout:D \box_use:N \l_shipout_box 
                                                  \__shipout_drop_firstpage_...
l.180 \subsubsection
                    {APIs}pdfTeX warning (ext4): destination with the same identifier (name{figure.9}) has been already used, duplicate ignored
<argument> ...shipout:D \box_use:N \l_shipout_box 
                                                  \__shipout_drop_firstpage_...
l.180 \subsubsection
                    {APIs}pdfTeX warning (ext4): destination with the same identifier (name{figure.10}) has been already used, duplicate ignored
<argument> ...shipout:D \box_use:N \l_shipout_box 
                                                  \__shipout_drop_firstpage_...
l.180 \subsubsection
                    {APIs} <./images/8.png> <./images/9.png> <./images/10.png>]
<images/11.png, id=318, 1834.855pt x 952.55875pt>
File: images/11.png Graphic file (type png)
<use images/11.png>
Package pdftex.def Info: images/11.png  used on input line 219.
(pdftex.def)             Requested size: 271.7835pt x 141.08986pt.
<images/12.png, id=319, 1834.855pt x 952.55875pt>
File: images/12.png Graphic file (type png)
<use images/12.png>
Package pdftex.def Info: images/12.png  used on input line 224.
(pdftex.def)             Requested size: 271.7835pt x 141.08986pt.
<images/13.png, id=320, 1834.855pt x 952.55875pt>
File: images/13.png Graphic file (type png)
<use images/13.png>
Package pdftex.def Info: images/13.png  used on input line 229.
(pdftex.def)             Requested size: 271.7835pt x 141.08986pt.
 [8pdfTeX warning (ext4): destination with the same identifier (name{figure.11}) has been already used, duplicate ignored
<argument> ...shipout:D \box_use:N \l_shipout_box 
                                                  \__shipout_drop_firstpage_...
l.231 \end{figure}
                   <./images/11.png>]
<images/14.png, id=330, 1834.855pt x 952.55875pt>
File: images/14.png Graphic file (type png)
<use images/14.png>
Package pdftex.def Info: images/14.png  used on input line 234.
(pdftex.def)             Requested size: 271.7835pt x 141.08986pt.

Underfull \hbox (badness 10000) in paragraph at lines 256--256
[]|\OT1/cmr/m/n/12 Get Cus-tomer Re-
 []

[9pdfTeX warning (ext4): destination with the same identifier (name{figure.12}) has been already used, duplicate ignored
<argument> ...shipout:D \box_use:N \l_shipout_box 
                                                  \__shipout_drop_firstpage_...
l.262 \end{longtable}
                     pdfTeX warning (ext4): destination with the same identifier (name{figure.13}) has been already used, duplicate ignored
<argument> ...shipout:D \box_use:N \l_shipout_box 
                                                  \__shipout_drop_firstpage_...
l.262 \end{longtable}
                     pdfTeX warning (ext4): destination with the same identifier (name{figure.14}) has been already used, duplicate ignored
<argument> ...shipout:D \box_use:N \l_shipout_box 
                                                  \__shipout_drop_firstpage_...
l.262 \end{longtable}
                      <./images/12.png> <./images/13.png> <./images/14.png>]
<images/15.png, id=341, 1834.855pt x 952.55875pt>
File: images/15.png Graphic file (type png)
<use images/15.png>
Package pdftex.def Info: images/15.png  used on input line 290.
(pdftex.def)             Requested size: 271.7835pt x 141.08986pt.
<images/16.png, id=342, 1834.855pt x 952.55875pt>
File: images/16.png Graphic file (type png)
<use images/16.png>
Package pdftex.def Info: images/16.png  used on input line 295.
(pdftex.def)             Requested size: 271.7835pt x 141.08986pt.
<images/17.png, id=343, 1834.855pt x 952.55875pt>
File: images/17.png Graphic file (type png)
<use images/17.png>
Package pdftex.def Info: images/17.png  used on input line 300.
(pdftex.def)             Requested size: 271.7835pt x 141.08986pt.
 [10pdfTeX warning (ext4): destination with the same identifier (name{figure.15}) has been already used, duplicate ignored
<argument> ...shipout:D \box_use:N \l_shipout_box 
                                                  \__shipout_drop_firstpage_...
l.302 \end{figure}
                   <./images/15.png>]
<images/18.png, id=352, 1834.855pt x 952.55875pt>
File: images/18.png Graphic file (type png)
<use images/18.png>
Package pdftex.def Info: images/18.png  used on input line 305.
(pdftex.def)             Requested size: 271.7835pt x 141.08986pt.
<images/19.png, id=353, 1834.855pt x 952.55875pt>
File: images/19.png Graphic file (type png)
<use images/19.png>
Package pdftex.def Info: images/19.png  used on input line 310.
(pdftex.def)             Requested size: 271.7835pt x 141.08986pt.
<images/20.png, id=354, 1834.855pt x 952.55875pt>
File: images/20.png Graphic file (type png)
<use images/20.png>
Package pdftex.def Info: images/20.png  used on input line 315.
(pdftex.def)             Requested size: 271.7835pt x 141.08986pt.
 [11pdfTeX warning (ext4): destination with the same identifier (name{figure.16}) has been already used, duplicate ignored
<argument> ...shipout:D \box_use:N \l_shipout_box 
                                                  \__shipout_drop_firstpage_...
l.317 \end{figure}
                  pdfTeX warning (ext4): destination with the same identifier (name{figure.17}) has been already used, duplicate ignored
<argument> ...shipout:D \box_use:N \l_shipout_box 
                                                  \__shipout_drop_firstpage_...
l.317 \end{figure}
                  pdfTeX warning (ext4): destination with the same identifier (name{figure.18}) has been already used, duplicate ignored
<argument> ...shipout:D \box_use:N \l_shipout_box 
                                                  \__shipout_drop_firstpage_...
l.317 \end{figure}
                   <./images/16.png> <./images/17.png> <./images/18.png>]
<images/21.png, id=365, 1834.855pt x 952.55875pt>
File: images/21.png Graphic file (type png)
<use images/21.png>
Package pdftex.def Info: images/21.png  used on input line 320.
(pdftex.def)             Requested size: 271.7835pt x 141.08986pt.

Overfull \hbox (16.28505pt too wide) in paragraph at lines 331--332
[]\OT1/cmr/bx/n/12 2xx Suc-cess Codes: \OT1/cmr/m/n/12 In-di-cate suc-cess-ful op-er-a-tions (e.g., \OT1/cmtt/m/n/12 200 OK\OT1/cmr/m/n/12 , \OT1/cmtt/m/n/12 201 Created\OT1/cmr/m/n/12 ). 
 []

[12pdfTeX warning (ext4): destination with the same identifier (name{figure.19}) has been already used, duplicate ignored
<argument> ...shipout:D \box_use:N \l_shipout_box 
                                                  \__shipout_drop_firstpage_...
l.334             \item \texttt
                               {400 Bad Request:} Returned for missing or in...pdfTeX warning (ext4): destination with the same identifier (name{figure.20}) has been already used, duplicate ignored
<argument> ...shipout:D \box_use:N \l_shipout_box 
                                                  \__shipout_drop_firstpage_...
l.334             \item \texttt
                               {400 Bad Request:} Returned for missing or in...pdfTeX warning (ext4): destination with the same identifier (name{figure.21}) has been already used, duplicate ignored
<argument> ...shipout:D \box_use:N \l_shipout_box 
                                                  \__shipout_drop_firstpage_...
l.334             \item \texttt
                               {400 Bad Request:} Returned for missing or in... <./images/19.png> <./images/20.png> <./images/21.png>]
Overfull \hbox (3.00348pt too wide) in paragraph at lines 337--338
[]\OT1/cmr/bx/n/12 5xx Server Er-rors: \OT1/cmr/m/n/12 Catch un-ex-pected er-rors dur-ing pro-cess-ing (e.g., database
 []


Overfull \hbox (35.57115pt too wide) in paragraph at lines 369--370
[]\OT1/cmr/m/n/12 Foreign Keys en-sure re-la-tion-ships be-tween ta-bles are re-spected (e.g., \OT1/cmtt/m/n/12 customer[]id
 []

[13]
Underfull \hbox (badness 10000) in paragraph at lines 393--395

 []

<images/22.png, id=388, 1484.54625pt x 543.02875pt>
File: images/22.png Graphic file (type png)
<use images/22.png>
Package pdftex.def Info: images/22.png  used on input line 407.
(pdftex.def)             Requested size: 271.7835pt x 99.4147pt.
<images/23.png, id=389, 1484.54625pt x 543.02875pt>
File: images/23.png Graphic file (type png)
<use images/23.png>
Package pdftex.def Info: images/23.png  used on input line 412.
(pdftex.def)             Requested size: 271.7835pt x 99.4147pt.
<images/24.png, id=390, 1484.54625pt x 543.02875pt>
File: images/24.png Graphic file (type png)
<use images/24.png>
Package pdftex.def Info: images/24.png  used on input line 417.
(pdftex.def)             Requested size: 271.7835pt x 99.4147pt.
[14pdfTeX warning (ext4): destination with the same identifier (name{figure.22}) has been already used, duplicate ignored
<argument> ...shipout:D \box_use:N \l_shipout_box 
                                                  \__shipout_drop_firstpage_...
l.419 \end{figure}
                   <./images/22.png>]
<images/25.png, id=399, 1481.535pt x 675.52374pt>
File: images/25.png Graphic file (type png)
<use images/25.png>
Package pdftex.def Info: images/25.png  used on input line 422.
(pdftex.def)             Requested size: 271.7835pt x 123.91855pt.
<images/26.png, id=400, 1481.535pt x 675.52374pt>
File: images/26.png Graphic file (type png)
<use images/26.png>
Package pdftex.def Info: images/26.png  used on input line 427.
(pdftex.def)             Requested size: 271.7835pt x 123.91855pt.
<images/27.png, id=401, 1481.535pt x 675.52374pt>
File: images/27.png Graphic file (type png)
<use images/27.png>
Package pdftex.def Info: images/27.png  used on input line 432.
(pdftex.def)             Requested size: 271.7835pt x 123.91855pt.
 [15pdfTeX warning (ext4): destination with the same identifier (name{figure.23}) has been already used, duplicate ignored
<argument> ...shipout:D \box_use:N \l_shipout_box 
                                                  \__shipout_drop_firstpage_...
l.434 \end{figure}
                  pdfTeX warning (ext4): destination with the same identifier (name{figure.24}) has been already used, duplicate ignored
<argument> ...shipout:D \box_use:N \l_shipout_box 
                                                  \__shipout_drop_firstpage_...
l.434 \end{figure}
                  pdfTeX warning (ext4): destination with the same identifier (name{figure.25}) has been already used, duplicate ignored
<argument> ...shipout:D \box_use:N \l_shipout_box 
                                                  \__shipout_drop_firstpage_...
l.434 \end{figure}
                   <./images/23.png> <./images/24.png> <./images/25.png>]
<images/28.png, id=412, 1481.535pt x 675.52374pt>
File: images/28.png Graphic file (type png)
<use images/28.png>
Package pdftex.def Info: images/28.png  used on input line 437.
(pdftex.def)             Requested size: 271.7835pt x 123.91855pt.
<images/29.png, id=413, 1520.68124pt x 168.63pt>
File: images/29.png Graphic file (type png)
<use images/29.png>
Package pdftex.def Info: images/29.png  used on input line 444.
(pdftex.def)             Requested size: 271.7835pt x 30.13852pt.
<images/30.png, id=414, 1838.87pt x 1284.8pt>
File: images/30.png Graphic file (type png)
<use images/30.png>
Package pdftex.def Info: images/30.png  used on input line 453.
(pdftex.def)             Requested size: 271.7835pt x 189.88864pt.
 [16pdfTeX warning (ext4): destination with the same identifier (name{figure.26}) has been already used, duplicate ignored
<argument> ...shipout:D \box_use:N \l_shipout_box 
                                                  \__shipout_drop_firstpage_...
l.455 \end{figure}
                  pdfTeX warning (ext4): destination with the same identifier (name{figure.27}) has been already used, duplicate ignored
<argument> ...shipout:D \box_use:N \l_shipout_box 
                                                  \__shipout_drop_firstpage_...
l.455 \end{figure}
                  pdfTeX warning (ext4): destination with the same identifier (name{figure.28}) has been already used, duplicate ignored
<argument> ...shipout:D \box_use:N \l_shipout_box 
                                                  \__shipout_drop_firstpage_...
l.455 \end{figure}
                  pdfTeX warning (ext4): destination with the same identifier (name{figure.29}) has been already used, duplicate ignored
<argument> ...shipout:D \box_use:N \l_shipout_box 
                                                  \__shipout_drop_firstpage_...
l.455 \end{figure}
                   <./images/26.png> <./images/27.png> <./images/28.png> <./images/29.png>]
<images/31.png, id=427, 1686.3pt x 979.66pt>
File: images/31.png Graphic file (type png)
<use images/31.png>
Package pdftex.def Info: images/31.png  used on input line 458.
(pdftex.def)             Requested size: 271.7835pt x 157.88487pt.
<images/32.png, id=428, 2007.5pt x 1704.3675pt>
File: images/32.png Graphic file (type png)
<use images/32.png>
Package pdftex.def Info: images/32.png  used on input line 466.
(pdftex.def)             Requested size: 271.7835pt x 230.72984pt.
 [17pdfTeX warning (ext4): destination with the same identifier (name{figure.30}) has been already used, duplicate ignored
<argument> ...shipout:D \box_use:N \l_shipout_box 
                                                  \__shipout_drop_firstpage_...
l.469 \subsection
                 {Postman Testing}pdfTeX warning (ext4): destination with the same identifier (name{figure.31}) has been already used, duplicate ignored
<argument> ...shipout:D \box_use:N \l_shipout_box 
                                                  \__shipout_drop_firstpage_...
l.469 \subsection
                 {Postman Testing} <./images/30.png> <./images/31.png>]
<images/33.png, id=435, 1496.59125pt x 755.82375pt>
File: images/33.png Graphic file (type png)
<use images/33.png>
Package pdftex.def Info: images/33.png  used on input line 472.
(pdftex.def)             Requested size: 271.7835pt x 137.25336pt.
<images/34.png, id=436, 1513.655pt x 351.3125pt>
File: images/34.png Graphic file (type png)
<use images/34.png>
Package pdftex.def Info: images/34.png  used on input line 480.
(pdftex.def)             Requested size: 271.7835pt x 63.07805pt.
 [18pdfTeX warning (ext4): destination with the same identifier (name{figure.32}) has been already used, duplicate ignored
<argument> ...shipout:D \box_use:N \l_shipout_box 
                                                  \__shipout_drop_firstpage_...
l.483 \subsection
                 {Inentory API}pdfTeX warning (ext4): destination with the same identifier (name{figure.33}) has been already used, duplicate ignored
<argument> ...shipout:D \box_use:N \l_shipout_box 
                                                  \__shipout_drop_firstpage_...
l.483 \subsection
                 {Inentory API} <./images/32.png> <./images/33.png>]
<images/35.png, id=444, 1513.655pt x 351.3125pt>
File: images/35.png Graphic file (type png)
<use images/35.png>
Package pdftex.def Info: images/35.png  used on input line 486.
(pdftex.def)             Requested size: 271.7835pt x 63.07805pt.
<images/36.png, id=445, 1516.66624pt x 169.63374pt>
File: images/36.png Graphic file (type png)
<use images/36.png>
Package pdftex.def Info: images/36.png  used on input line 492.
(pdftex.def)             Requested size: 271.7835pt x 30.39557pt.
<images/37.png, id=446, 1516.66624pt x 169.63374pt>
File: images/37.png Graphic file (type png)
<use images/37.png>
Package pdftex.def Info: images/37.png  used on input line 498.
(pdftex.def)             Requested size: 271.7835pt x 30.39557pt.
<images/38.png, id=447, 1810.765pt x 878.28125pt>
File: images/38.png Graphic file (type png)
<use images/38.png>
Package pdftex.def Info: images/38.png  used on input line 504.
(pdftex.def)             Requested size: 271.7835pt x 131.81691pt.
<images/39.png, id=448, 900.36375pt x 148.555pt>
File: images/39.png Graphic file (type png)
<use images/39.png>
Package pdftex.def Info: images/39.png  used on input line 509.
(pdftex.def)             Requested size: 271.7835pt x 44.84338pt.
 [19pdfTeX warning (ext4): destination with the same identifier (name{figure.34}) has been already used, duplicate ignored
<argument> ...shipout:D \box_use:N \l_shipout_box 
                                                  \__shipout_drop_firstpage_...
l.512 \section
              {Documentation HTML}pdfTeX warning (ext4): destination with the same identifier (name{figure.35}) has been already used, duplicate ignored
<argument> ...shipout:D \box_use:N \l_shipout_box 
                                                  \__shipout_drop_firstpage_...
l.512 \section
              {Documentation HTML}pdfTeX warning (ext4): destination with the same identifier (name{figure.36}) has been already used, duplicate ignored
<argument> ...shipout:D \box_use:N \l_shipout_box 
                                                  \__shipout_drop_firstpage_...
l.512 \section
              {Documentation HTML}pdfTeX warning (ext4): destination with the same identifier (name{figure.37}) has been already used, duplicate ignored
<argument> ...shipout:D \box_use:N \l_shipout_box 
                                                  \__shipout_drop_firstpage_...
l.512 \section
              {Documentation HTML}pdfTeX warning (ext4): destination with the same identifier (name{figure.38}) has been already used, duplicate ignored
<argument> ...shipout:D \box_use:N \l_shipout_box 
                                                  \__shipout_drop_firstpage_...
l.512 \section
              {Documentation HTML} <./images/34.png> <./images/35.png> <./images/36.png> <./images/37.png> <./images/38.png>]
<images/40.png, id=465, 1600.98125pt x 988.69376pt>
File: images/40.png Graphic file (type png)
<use images/40.png>
Package pdftex.def Info: images/40.png  used on input line 516.
(pdftex.def)             Requested size: 407.66833pt x 251.74396pt.
<images/41.png, id=466, 1600.98125pt x 988.69376pt>
File: images/41.png Graphic file (type png)
<use images/41.png>
Package pdftex.def Info: images/41.png  used on input line 521.
(pdftex.def)             Requested size: 407.66833pt x 251.74396pt.
<images/42.png, id=467, 1600.98125pt x 988.69376pt>
File: images/42.png Graphic file (type png)
<use images/42.png>
Package pdftex.def Info: images/42.png  used on input line 526.
(pdftex.def)             Requested size: 407.66833pt x 251.74396pt.
 [20pdfTeX warning (ext4): destination with the same identifier (name{figure.39}) has been already used, duplicate ignored
<argument> ...shipout:D \box_use:N \l_shipout_box 
                                                  \__shipout_drop_firstpage_...
l.528 \end{figure}
                  pdfTeX warning (ext4): destination with the same identifier (name{figure.40}) has been already used, duplicate ignored
<argument> ...shipout:D \box_use:N \l_shipout_box 
                                                  \__shipout_drop_firstpage_...
l.528 \end{figure}
                   <./images/39.png> <./images/40.png>] [21pdfTeX warning (ext4): destination with the same identifier (name{figure.41}) has been already used, duplicate ignored
<argument> ...shipout:D \box_use:N \l_shipout_box 
                                                  \__shipout_drop_firstpage_...
l.537         \item P
                     repared Statements and Parameterized Queries are used f...pdfTeX warning (ext4): destination with the same identifier (name{figure.42}) has been already used, duplicate ignored
<argument> ...shipout:D \box_use:N \l_shipout_box 
                                                  \__shipout_drop_firstpage_...
l.537         \item P
                     repared Statements and Parameterized Queries are used f... <./images/41.png> <./images/42.png>]
Overfull \hbox (40.6817pt too wide) in paragraph at lines 588--588
 []                \OT1/cmtt/m/n/12 "message": "An error occurred. Please try again later."[] 
 []

[22]
Overfull \hbox (7.00925pt too wide) in paragraph at lines 593--594
[]\OT1/cmr/m/n/12 Custom ex-cep-tions have been de-fined for sce-nar-ios like \OT1/cmtt/m/n/12 UserNotFoundException
 []


Overfull \hbox (52.55913pt too wide) in paragraph at lines 603--604
[]\OT1/cmr/m/n/12 Each ser-vice ex-poses APIs un-der ver-sioned paths (e.g., \OT1/cmtt/m/n/12 /v1/customers\OT1/cmr/m/n/12 , \OT1/cmtt/m/n/12 /v1/inventory\OT1/cmr/m/n/12 ). 
 []


Underfull \hbox (badness 10000) in paragraph at lines 624--626

 []

[23] (./ML.aux)
Package rerunfilecheck Info: File `ML.out' has not changed.
(rerunfilecheck)             Checksum: 947A7DD38D0DECBC81A27E1C760A6F8F;7696.
 ) 
Here is how much of TeX's memory you used:
 9274 strings out of 480171
 145636 string characters out of 5894489
 445458 words of memory out of 5000000
 26960 multiletter control sequences out of 15000+600000
 475280 words of font info for 48 fonts, out of 8000000 for 9000
 59 hyphenation exceptions out of 8191
 60i,7n,63p,703b,588s stack positions out of 5000i,500n,10000p,200000b,80000s
 </home/mnl/.texlive2021/texmf-var/fonts/pk/ljfour/jknappen/ec/tcrm1200.600pk></usr/share/texlive/texmf-dist/fonts/type1/public/amsfonts/cm/cmbx12.pfb></usr/share/texlive/texmf-dist/fonts/type1/public/amsfonts/cm/cmr12.pfb></usr/share/texlive/texmf-dist/fonts/type1/public/amsfonts/cm/cmr17.pfb></usr/share/texlive/texmf-dist/fonts/type1/public/amsfonts/cm/cmti12.pfb></usr/share/texlive/texmf-dist/fonts/type1/public/amsfonts/cm/cmtt12.pfb>
Output written on ML.pdf (23 pages, 3806764 bytes).
PDF statistics:
 550 PDF objects out of 1000 (max. 8388607)
 427 compressed objects within 5 object streams
 131 named destinations out of 1000 (max. 500000)
 595 words of extra memory for PDF output out of 10000 (max. 10000000)

