\BOOKMARK [1][-]{section.1}{\376\377\000O\000v\000e\000r\000v\000i\000e\000w}{}% 1
\BOOKMARK [1][-]{section.2}{\376\377\000S\000e\000r\000v\000i\000c\000e\000s\000\040\000a\000n\000d\000\040\000A\000P\000I\000s\000\040\000\050\000T\000h\000i\000s\000\040\000w\000i\000l\000l\000\040\000c\000o\000v\000e\000r\000\040\000p\000o\000i\000n\000t\000s\000\040\0001\000\040\000t\000o\000\040\0006\000\040\000f\000r\000o\000m\000\040\000t\000h\000e\000\040\000r\000e\000q\000u\000i\000r\000e\000m\000e\000n\000t\000s\000\051}{}% 2
\BOOKMARK [2][-]{subsection.2.1}{\376\377\000C\000u\000s\000t\000o\000m\000e\000r\000s\000\040\000S\000e\000r\000v\000i\000c\000e}{section.2}% 3
\BOOKMARK [3][-]{subsubsection.2.1.1}{\376\377\000D\000e\000s\000c\000r\000i\000p\000t\000i\000o\000n}{subsection.2.1}% 4
\BOOKMARK [3][-]{subsubsection.2.1.2}{\376\377\000A\000P\000I\000s}{subsection.2.1}% 5
\BOOKMARK [3][-]{subsubsection.2.1.3}{\376\377\000R\000u\000n\000n\000i\000n\000g\000\040\000P\000o\000r\000t}{subsection.2.1}% 6
\BOOKMARK [3][-]{subsubsection.2.1.4}{\376\377\000D\000a\000t\000a\000b\000a\000s\000e\000\040\000S\000t\000r\000u\000c\000t\000u\000r\000e}{subsection.2.1}% 7
\BOOKMARK [3][-]{subsubsection.2.1.5}{\376\377\000P\000o\000s\000t\000m\000a\000n\000\040\000T\000e\000s\000t\000i\000n\000g}{subsection.2.1}% 8
\BOOKMARK [2][-]{subsection.2.2}{\376\377\000I\000n\000v\000e\000n\000t\000o\000r\000y\000\040\000S\000e\000r\000v\000i\000c\000e}{section.2}% 9
\BOOKMARK [3][-]{subsubsection.2.2.1}{\376\377\000D\000e\000s\000c\000r\000i\000p\000t\000i\000o\000n}{subsection.2.2}% 10
\BOOKMARK [3][-]{subsubsection.2.2.2}{\376\377\000A\000P\000I\000s}{subsection.2.2}% 11
\BOOKMARK [3][-]{subsubsection.2.2.3}{\376\377\000R\000u\000n\000n\000i\000n\000g\000\040\000P\000o\000r\000t}{subsection.2.2}% 12
\BOOKMARK [3][-]{subsubsection.2.2.4}{\376\377\000D\000a\000t\000a\000b\000a\000s\000e\000\040\000S\000t\000r\000u\000c\000t\000u\000r\000e}{subsection.2.2}% 13
\BOOKMARK [3][-]{subsubsection.2.2.5}{\376\377\000P\000o\000s\000t\000m\000a\000n\000\040\000T\000e\000s\000t\000i\000n\000g}{subsection.2.2}% 14
\BOOKMARK [2][-]{subsection.2.3}{\376\377\000S\000a\000l\000e\000s\000\040\000S\000e\000r\000v\000i\000c\000e}{section.2}% 15
\BOOKMARK [3][-]{subsubsection.2.3.1}{\376\377\000D\000e\000s\000c\000r\000i\000p\000t\000i\000o\000n}{subsection.2.3}% 16
\BOOKMARK [3][-]{subsubsection.2.3.2}{\376\377\000A\000P\000I\000s}{subsection.2.3}% 17
\BOOKMARK [3][-]{subsubsection.2.3.3}{\376\377\000R\000u\000n\000n\000i\000n\000g\000\040\000P\000o\000r\000t}{subsection.2.3}% 18
\BOOKMARK [3][-]{subsubsection.2.3.4}{\376\377\000D\000a\000t\000a\000b\000a\000s\000e\000\040\000S\000t\000r\000u\000c\000t\000u\000r\000e}{subsection.2.3}% 19
\BOOKMARK [3][-]{subsubsection.2.3.5}{\376\377\000P\000o\000s\000t\000m\000a\000n\000\040\000T\000e\000s\000t\000i\000n\000g}{subsection.2.3}% 20
\BOOKMARK [2][-]{subsection.2.4}{\376\377\000R\000e\000v\000i\000e\000w\000s\000\040\000S\000e\000r\000v\000i\000c\000e}{section.2}% 21
\BOOKMARK [3][-]{subsubsection.2.4.1}{\376\377\000D\000e\000s\000c\000r\000i\000p\000t\000i\000o\000n}{subsection.2.4}% 22
\BOOKMARK [3][-]{subsubsection.2.4.2}{\376\377\000A\000P\000I\000s}{subsection.2.4}% 23
\BOOKMARK [3][-]{subsubsection.2.4.3}{\376\377\000R\000u\000n\000n\000i\000n\000g\000\040\000P\000o\000r\000t}{subsection.2.4}% 24
\BOOKMARK [3][-]{subsubsection.2.4.4}{\376\377\000D\000a\000t\000a\000b\000a\000s\000e\000\040\000S\000t\000r\000u\000c\000t\000u\000r\000e}{subsection.2.4}% 25
\BOOKMARK [3][-]{subsubsection.2.4.5}{\376\377\000P\000o\000s\000t\000m\000a\000n\000\040\000T\000e\000s\000t\000i\000n\000g}{subsection.2.4}% 26
\BOOKMARK [1][-]{section.3}{\376\377\000E\000r\000r\000o\000r\000\040\000H\000a\000n\000d\000l\000i\000n\000g\000\040\000a\000n\000d\000\040\000V\000a\000l\000i\000d\000a\000t\000i\000o\000n}{}% 27
\BOOKMARK [2][-]{subsection.3.1}{\376\377\000E\000r\000r\000o\000r\000\040\000M\000a\000n\000a\000g\000e\000m\000e\000n\000t}{section.3}% 28
\BOOKMARK [2][-]{subsection.3.2}{\376\377\000V\000a\000l\000i\000d\000a\000t\000i\000o\000n}{section.3}% 29
\BOOKMARK [1][-]{section.4}{\376\377\000T\000e\000s\000t\000i\000n\000g\000\040\000\050\000T\000h\000i\000s\000\040\000w\000i\000l\000l\000\040\000c\000o\000v\000e\000r\000\040\000p\000o\000i\000n\000t\000\040\0007\000\040\000f\000r\000o\000m\000\040\000t\000h\000e\000\040\000r\000e\000q\000u\000i\000r\000e\000m\000e\000n\000t\000s\000\051}{}% 30
